Info: 商品「吟麗」を作成します（銘柄：鳩正宗）
Info: 「金冠喜久泉」を「喜久泉」に正規化します
Info: 商品「大吟醸」を作成します（銘柄：蒼天伝）
Info: 商品「大吟醸」を作成します（銘柄：千駒）
Info: 商品「大吟醸」を作成します（銘柄：きたのはな）
Info: 「嘉永蔵」を「末廣」に正規化します
Info: 商品「純米大吟醸」を作成します（銘柄：末廣）
Info: 商品「純米大吟醸」を作成します（銘柄：榮四郎）
Info: 商品「回」を作成します（銘柄：会津男山）
Info: 「絆舞芳酔」を「絆舞」に正規化します
Info: 商品「醸」を作成します（銘柄：仙禽）
Info: 「清リョウ」を「清嘹」に正規化します
Info: 「世界鷹」を「金紋世界鷹」に正規化します
Info: 「誉麒麟」を「麒麟」に正規化します
Info: 「川中島幻舞」の代わりに「川中島」を使用します
Info: 「甲子正宗」を「甲子」に正規化します
Info: 商品「静岡蔵」を作成します（銘柄：喜平）
Info: 「尊皇幻々」を「幻々」に正規化します
Info: 商品「八兵衛」を作成します（銘柄：酒屋八兵衛）
Info: 商品「金紋」を作成します（銘柄：道灌）
Info: 「聚樂第」を「聚楽第」に正規化します
Info: 商品「米のささやき」を作成します（銘柄：龍力）
Info: 商品「文左衛門」を作成します（銘柄：紀伊国屋文左衛門）
Info: 商品「白菊」を作成します（銘柄：大典白菊）
Info: 商品「特製金紋」を作成します（銘柄：賀茂鶴）
Info: 商品「芳華金紋」を作成します（銘柄：白牡丹）
Info: 商品「千福」を作成します（銘柄：黒松）
Info: 商品「金紋」を作成します（銘柄：寿）
Info: 「酒仙」を「酒仙栄光」に正規化します
Info: 商品「栄光」を作成します（銘柄：酒仙栄光）
Info: 「伊予」を「賀儀屋」に正規化します
Info: 商品「賀儀屋」を作成します（銘柄：賀儀屋）
Info: 「山の壽」の代わりに会社「山の壽酒造」の代表銘柄を使用します
Info: 「極醸」を「喜多屋」に正規化します
Info: 商品「喜多屋」を作成します（銘柄：喜多屋）
Info: 商品「大吟醸雫しぼり」を作成します（銘柄：杵の川）
Info: 「萬勝・清泉石上流」を「萬勝」に正規化します
Info: 商品「山田錦 火入」を作成します（銘柄：福海）
